2020-01-07 13:02:49,336 INFO com.netcracker.CoffeeShopApplication.CoffeeShopApplication [main] Starting CoffeeShopApplication on ws-10084 with PID 17216 (C:\Workspace\coffeeshop-app\target\classes started by sago0519 in C:\Workspace\coffeeshop-app)
2020-01-07 13:02:49,347 INFO com.netcracker.CoffeeShopApplication.CoffeeShopApplication [main] No active profile set, falling back to default profiles: default
2020-01-07 13:02:55,166 INFO org.apache.catalina.core.StandardService [main] Starting service [Tomcat]
2020-01-07 13:02:55,167 INFO org.apache.catalina.core.StandardEngine [main] Starting Servlet engine: [Apache Tomcat/9.0.17]
2020-01-07 13:02:55,373 INFO org.apache.catalina.core.ContainerBase.[Tomcat].[localhost].[/coffeeshop] [main] Initializing Spring embedded WebApplicationContext
2020-01-07 13:02:57,951 INFO org.mongodb.driver.cluster [main] Cluster created with settings {hosts=[localhost:27017], mode=MULTIPLE, requiredClusterType=UNKNOWN, serverSelectionTimeout='30000 ms', maxWaitQueueSize=500}
2020-01-07 13:02:57,951 INFO org.mongodb.driver.cluster [main] Adding discovered server localhost:27017 to client view of cluster
2020-01-07 13:02:59,130 INFO org.mongodb.driver.connection [cluster-ClusterId{value='5e143429026c164340d84d95', description='null'}-localhost:27017] Opened connection [connectionId{localValue:1, serverValue:13}] to localhost:27017
2020-01-07 13:02:59,136 INFO org.mongodb.driver.cluster [cluster-ClusterId{value='5e143429026c164340d84d95', description='null'}-localhost:27017] Monitor thread successfully connected to server with description ServerDescription{address=localhost:27017, type=STANDALONE, state=CONNECTED, ok=true, version=ServerVersion{versionList=[4, 0, 10]}, minWireVersion=0, maxWireVersion=7, maxDocumentSize=16777216, logicalSessionTimeoutMinutes=30, roundTripTimeNanos=2872300}
2020-01-07 13:02:59,137 INFO org.mongodb.driver.cluster [cluster-ClusterId{value='5e143429026c164340d84d95', description='null'}-localhost:27017] Discovered cluster type of STANDALONE
2020-01-07 13:02:59,756 INFO org.mongodb.driver.connection [main] Opened connection [connectionId{localValue:2, serverValue:14}] to localhost:27017
2020-01-07 13:03:00,183 INFO org.mongodb.driver.connection [main] Closed connection [connectionId{localValue:2, serverValue:14}] to localhost:27017 because the pool has been closed.
2020-01-07 13:03:00,187 INFO org.apache.catalina.core.StandardService [main] Stopping service [Tomcat]
2020-01-07 13:03:00,212 ERROR org.springframework.boot.SpringApplication [main] Application run failed
org.springframework.beans.factory.BeanCreationException: Error creating bean with name 'graphQLUtil': Invocation of init method failed; nested exception is java.io.FileNotFoundException: class path resource [models.graphqls] cannot be resolved to URL because it does not exist
	at org.springframework.beans.factory.annotation.InitDestroyAnnotationBeanPostProcessor.postProcessBeforeInitialization(InitDestroyAnnotationBeanPostProcessor.java:139)
	at org.springframework.beans.factory.support.AbstractAutowireCapableBeanFactory.applyBeanPostProcessorsBeforeInitialization(AbstractAutowireCapableBeanFactory.java:414)
	at org.springframework.beans.factory.support.AbstractAutowireCapableBeanFactory.initializeBean(AbstractAutowireCapableBeanFactory.java:1770)
	at org.springframework.beans.factory.support.AbstractAutowireCapableBeanFactory.doCreateBean(AbstractAutowireCapableBeanFactory.java:593)
	at org.springframework.beans.factory.support.AbstractAutowireCapableBeanFactory.createBean(AbstractAutowireCapableBeanFactory.java:515)
	at org.springframework.beans.factory.support.AbstractBeanFactory.lambda$doGetBean$0(AbstractBeanFactory.java:320)
	at org.springframework.beans.factory.support.DefaultSingletonBeanRegistry.getSingleton(DefaultSingletonBeanRegistry.java:222)
	at org.springframework.beans.factory.support.AbstractBeanFactory.doGetBean(AbstractBeanFactory.java:318)
	at org.springframework.beans.factory.support.AbstractBeanFactory.getBean(AbstractBeanFactory.java:199)
	at org.springframework.beans.factory.support.DefaultListableBeanFactory.preInstantiateSingletons(DefaultListableBeanFactory.java:849)
	at org.springframework.context.support.AbstractApplicationContext.finishBeanFactoryInitialization(AbstractApplicationContext.java:877)
	at org.springframework.context.support.AbstractApplicationContext.refresh(AbstractApplicationContext.java:549)
	at org.springframework.boot.web.servlet.context.ServletWebServerApplicationContext.refresh(ServletWebServerApplicationContext.java:142)
	at org.springframework.boot.SpringApplication.refresh(SpringApplication.java:775)
	at org.springframework.boot.SpringApplication.refreshContext(SpringApplication.java:397)
	at org.springframework.boot.SpringApplication.run(SpringApplication.java:316)
	at org.springframework.boot.SpringApplication.run(SpringApplication.java:1260)
	at org.springframework.boot.SpringApplication.run(SpringApplication.java:1248)
	at com.netcracker.CoffeeShopApplication.CoffeeShopApplication.main(CoffeeShopApplication.java:10)
	at sun.reflect.NativeMethodAccessorImpl.invoke0(Native Method)
	at sun.reflect.NativeMethodAccessorImpl.invoke(NativeMethodAccessorImpl.java:62)
	at sun.reflect.DelegatingMethodAccessorImpl.invoke(DelegatingMethodAccessorImpl.java:43)
	at java.lang.reflect.Method.invoke(Method.java:498)
	at org.springframework.boot.maven.AbstractRunMojo$LaunchRunner.run(AbstractRunMojo.java:558)
	at java.lang.Thread.run(Thread.java:748)
Caused by: java.io.FileNotFoundException: class path resource [models.graphqls] cannot be resolved to URL because it does not exist
	at org.springframework.core.io.ClassPathResource.getURL(ClassPathResource.java:195)
	at org.springframework.core.io.AbstractFileResolvingResource.getFile(AbstractFileResolvingResource.java:150)
	at com.netcracker.CoffeeShopApplication.graphql.config.GraphQLUtil.createGraphQL(GraphQLUtil.java:34)
	at sun.reflect.NativeMethodAccessorImpl.invoke0(Native Method)
	at sun.reflect.NativeMethodAccessorImpl.invoke(NativeMethodAccessorImpl.java:62)
	at sun.reflect.DelegatingMethodAccessorImpl.invoke(DelegatingMethodAccessorImpl.java:43)
	at java.lang.reflect.Method.invoke(Method.java:498)
	at org.springframework.beans.factory.annotation.InitDestroyAnnotationBeanPostProcessor$LifecycleElement.invoke(InitDestroyAnnotationBeanPostProcessor.java:363)
	at org.springframework.beans.factory.annotation.InitDestroyAnnotationBeanPostProcessor$LifecycleMetadata.invokeInitMethods(InitDestroyAnnotationBeanPostProcessor.java:307)
	at org.springframework.beans.factory.annotation.InitDestroyAnnotationBeanPostProcessor.postProcessBeforeInitialization(InitDestroyAnnotationBeanPostProcessor.java:136)
	... 24 common frames omitted
2020-01-07 13:19:45,897 INFO com.netcracker.CoffeeShopApplication.CoffeeShopApplication [main] Starting CoffeeShopApplication on ws-10084 with PID 20404 (C:\Workspace\coffeeshop-app\target\classes started by sago0519 in C:\Workspace\coffeeshop-app)
2020-01-07 13:19:45,901 INFO com.netcracker.CoffeeShopApplication.CoffeeShopApplication [main] No active profile set, falling back to default profiles: default
2020-01-07 13:19:48,933 INFO org.apache.catalina.core.StandardService [main] Starting service [Tomcat]
2020-01-07 13:19:48,934 INFO org.apache.catalina.core.StandardEngine [main] Starting Servlet engine: [Apache Tomcat/9.0.17]
2020-01-07 13:19:49,069 INFO org.apache.catalina.core.ContainerBase.[Tomcat].[localhost].[/coffeeshop] [main] Initializing Spring embedded WebApplicationContext
2020-01-07 13:19:51,367 INFO org.mongodb.driver.cluster [main] Cluster created with settings {hosts=[localhost:27017], mode=MULTIPLE, requiredClusterType=UNKNOWN, serverSelectionTimeout='30000 ms', maxWaitQueueSize=500}
2020-01-07 13:19:51,367 INFO org.mongodb.driver.cluster [main] Adding discovered server localhost:27017 to client view of cluster
2020-01-07 13:19:51,436 INFO org.mongodb.driver.connection [cluster-ClusterId{value='5e14381f026c164fb40176f8', description='null'}-localhost:27017] Opened connection [connectionId{localValue:1, serverValue:15}] to localhost:27017
2020-01-07 13:19:51,440 INFO org.mongodb.driver.cluster [cluster-ClusterId{value='5e14381f026c164fb40176f8', description='null'}-localhost:27017] Monitor thread successfully connected to server with description ServerDescription{address=localhost:27017, type=STANDALONE, state=CONNECTED, ok=true, version=ServerVersion{versionList=[4, 0, 10]}, minWireVersion=0, maxWireVersion=7, maxDocumentSize=16777216, logicalSessionTimeoutMinutes=30, roundTripTimeNanos=2777400}
2020-01-07 13:19:51,441 INFO org.mongodb.driver.cluster [cluster-ClusterId{value='5e14381f026c164fb40176f8', description='null'}-localhost:27017] Discovered cluster type of STANDALONE
2020-01-07 13:19:51,922 INFO org.mongodb.driver.connection [main] Opened connection [connectionId{localValue:2, serverValue:16}] to localhost:27017
2020-01-07 13:19:53,217 INFO springfox.documentation.spring.web.PropertySourcedRequestMappingHandlerMapping [main] Mapped URL path [/v2/api-docs] onto method [public org.springframework.http.ResponseEntity<springfox.documentation.spring.web.json.Json> springfox.documentation.swagger2.web.Swagger2Controller.getDocumentation(java.lang.String,javax.servlet.http.HttpServletRequest)]
2020-01-07 13:19:53,576 INFO springfox.documentation.spring.web.plugins.DocumentationPluginsBootstrapper [main] Context refreshed
2020-01-07 13:19:53,613 INFO springfox.documentation.spring.web.plugins.DocumentationPluginsBootstrapper [main] Found 1 custom documentation plugin(s)
2020-01-07 13:19:53,693 INFO springfox.documentation.spring.web.scanners.ApiListingReferenceScanner [main] Scanning for api listing references
2020-01-07 13:19:54,074 DEBUG org.springframework.data.mongodb.core.MongoTemplate [main] findOne using query: { "_id" : "OrderSequence" } fields: Document{{}} for class: class com.netcracker.CoffeeShopApplication.ordermanagement.models.DbSequence in collection: dbSequence
2020-01-07 13:19:54,082 DEBUG org.springframework.data.mongodb.core.MongoTemplate [main] findOne using query: { "_id" : "OrderSequence" } fields: { } in db.collection: coffeeshop.dbSequence
2020-01-07 13:19:54,205 INFO com.netcracker.CoffeeShopApplication.CoffeeShopApplication [main] Started CoffeeShopApplication in 8.695 seconds (JVM running for 12.475)
2020-01-07 13:21:24,478 INFO org.apache.catalina.core.ContainerBase.[Tomcat].[localhost].[/coffeeshop] [http-nio-8103-exec-3] Initializing Spring DispatcherServlet 'dispatcherServlet'
